TN:
SF:app.js
FN:35,(anonymous_0)
FN:37,(anonymous_1)
FN:70,(anonymous_2)
FN:81,(anonymous_3)
FNF:4
FNH:1
FNDA:1,(anonymous_0)
FNDA:0,(anonymous_1)
FNDA:0,(anonymous_2)
FNDA:0,(anonymous_3)
DA:9,1
DA:10,1
DA:11,1
DA:12,1
DA:13,1
DA:16,1
DA:19,1
DA:20,1
DA:21,1
DA:22,1
DA:23,1
DA:29,1
DA:32,1
DA:33,1
DA:35,1
DA:36,1
DA:38,0
DA:42,1
DA:43,1
DA:46,1
DA:47,1
DA:48,1
DA:49,1
DA:50,1
DA:53,1
DA:58,1
DA:59,1
DA:60,1
DA:61,1
DA:62,1
DA:70,1
DA:71,0
DA:81,1
DA:83,0
DA:84,0
DA:87,0
DA:88,0
DA:93,1
LF:38
LH:32
BRDA:84,0,0,0
BRDA:84,0,1,0
BRDA:87,1,0,0
BRDA:87,1,1,0
BRF:4
BRH:0
end_of_record
TN:
SF:middleware/logger.js
FN:27,(anonymous_0)
FN:34,(anonymous_1)
FN:67,(anonymous_2)
FNF:3
FNH:2
FNDA:13,(anonymous_0)
FNDA:13,(anonymous_1)
FNDA:0,(anonymous_2)
DA:7,1
DA:8,1
DA:11,1
DA:27,1
DA:28,13
DA:31,13
DA:34,13
DA:35,13
DA:38,13
DA:48,13
DA:67,13
DA:68,0
DA:71,13
DA:74,13
DA:77,1
LF:15
LH:14
BRDA:49,0,0,6
BRDA:49,0,1,7
BRF:2
BRH:2
end_of_record
TN:
SF:models/costs.js
FNF:0
FNH:0
DA:6,1
DA:21,1
DA:45,1
LF:3
LH:3
BRF:0
BRH:0
end_of_record
TN:
SF:models/logs.js
FNF:0
FNH:0
DA:6,1
DA:24,1
DA:60,1
LF:3
LH:3
BRF:0
BRH:0
end_of_record
TN:
SF:models/users.js
FNF:0
FNH:0
DA:6,1
DA:21,1
DA:46,1
LF:3
LH:3
BRF:0
BRH:0
end_of_record
TN:
SF:routes/about.js
FN:17,(anonymous_0)
FNF:1
FNH:1
FNDA:1,(anonymous_0)
DA:7,1
DA:8,1
DA:17,1
DA:19,1
DA:25,1
LF:5
LH:5
BRF:0
BRH:0
end_of_record
TN:
SF:routes/add.js
FN:24,(anonymous_0)
FNF:1
FNH:1
FNDA:6,(anonymous_0)
DA:9,1
DA:10,1
DA:11,1
DA:12,1
DA:13,1
DA:24,1
DA:25,6
DA:26,6
DA:29,6
DA:30,2
DA:31,2
DA:32,2
DA:33,1
DA:37,1
DA:45,1
DA:46,1
DA:48,4
DA:50,3
DA:51,3
DA:52,3
DA:53,1
DA:57,2
DA:60,2
DA:68,2
DA:70,1
DA:79,1
DA:82,1
DA:87,1
DA:91,1
LF:29
LH:29
BRDA:29,0,0,2
BRDA:29,0,1,4
BRDA:29,1,0,6
BRDA:29,1,1,3
BRDA:29,1,2,2
BRDA:29,1,3,2
BRDA:32,2,0,1
BRDA:32,2,1,1
BRDA:42,3,0,1
BRDA:42,3,1,0
BRDA:48,4,0,3
BRDA:48,4,1,1
BRDA:48,5,0,4
BRDA:48,5,1,3
BRDA:48,5,2,3
BRDA:48,5,3,3
BRDA:52,6,0,1
BRDA:52,6,1,2
BRDA:65,7,0,0
BRDA:65,7,1,2
BRF:20
BRH:18
end_of_record
TN:
SF:routes/logs.js
FN:18,(anonymous_0)
FNF:1
FNH:1
FNDA:1,(anonymous_0)
DA:8,1
DA:9,1
DA:10,1
DA:18,1
DA:19,1
DA:21,1
DA:22,1
DA:24,0
DA:28,1
LF:9
LH:8
BRF:0
BRH:0
end_of_record
TN:
SF:routes/report.js
FN:22,(anonymous_0)
FN:47,(anonymous_1)
FN:50,(anonymous_2)
FN:51,(anonymous_3)
FNF:4
FNH:4
FNDA:2,(anonymous_0)
FNDA:5,(anonymous_1)
FNDA:10,(anonymous_2)
FNDA:2,(anonymous_3)
DA:8,1
DA:9,1
DA:10,1
DA:22,1
DA:23,2
DA:25,2
DA:28,2
DA:29,1
DA:34,1
DA:35,1
DA:38,1
DA:44,1
DA:47,1
DA:48,5
DA:50,10
DA:51,2
DA:60,1
DA:69,0
DA:73,1
LF:19
LH:18
BRDA:28,0,0,1
BRDA:28,0,1,1
BRDA:28,1,0,2
BRDA:28,1,1,1
BRDA:28,1,2,1
BRF:5
BRH:5
end_of_record
TN:
SF:routes/users.js
FN:20,(anonymous_0)
FN:38,(anonymous_1)
FN:55,(anonymous_2)
FNF:3
FNH:3
FNDA:1,(anonymous_0)
FNDA:2,(anonymous_1)
FNDA:2,(anonymous_2)
DA:9,1
DA:10,1
DA:11,1
DA:12,1
DA:20,1
DA:21,1
DA:22,1
DA:24,1
DA:26,0
DA:38,1
DA:39,2
DA:41,2
DA:44,2
DA:47,2
DA:48,1
DA:52,1
DA:55,2
DA:58,1
DA:67,0
DA:71,1
LF:20
LH:18
BRDA:47,0,0,1
BRDA:47,0,1,1
BRF:2
BRH:2
end_of_record
