TN:
SF:app.js
FN:33,(anonymous_0)
FN:35,(anonymous_1)
FN:59,(anonymous_2)
FN:70,(anonymous_3)
FNF:4
FNH:3
FNDA:1,(anonymous_0)
FNDA:0,(anonymous_1)
FNDA:1,(anonymous_2)
FNDA:1,(anonymous_3)
DA:9,1
DA:10,1
DA:11,1
DA:14,1
DA:17,1
DA:18,1
DA:19,1
DA:20,1
DA:21,1
DA:27,1
DA:30,1
DA:31,1
DA:33,1
DA:34,1
DA:36,0
DA:40,1
DA:41,1
DA:44,1
DA:47,1
DA:48,1
DA:49,1
DA:50,1
DA:51,1
DA:59,1
DA:60,1
DA:70,1
DA:72,1
DA:73,1
DA:81,1
LF:29
LH:28
BRDA:72,0,0,1
BRDA:72,0,1,0
BRDA:75,1,0,1
BRDA:75,1,1,0
BRF:4
BRH:2
end_of_record
TN:
SF:middleware/logger.js
FN:27,(anonymous_0)
FN:34,(anonymous_1)
FN:67,(anonymous_2)
FNF:3
FNH:2
FNDA:27,(anonymous_0)
FNDA:27,(anonymous_1)
FNDA:0,(anonymous_2)
DA:7,1
DA:8,1
DA:11,1
DA:27,1
DA:28,27
DA:31,27
DA:34,27
DA:35,27
DA:38,27
DA:48,27
DA:67,27
DA:68,0
DA:71,27
DA:74,27
DA:77,1
LF:15
LH:14
BRDA:49,0,0,11
BRDA:49,0,1,16
BRF:2
BRH:2
end_of_record
TN:
SF:models/costs.js
FNF:0
FNH:0
DA:6,1
DA:21,1
DA:45,1
LF:3
LH:3
BRF:0
BRH:0
end_of_record
TN:
SF:models/logs.js
FNF:0
FNH:0
DA:6,1
DA:24,1
DA:60,1
LF:3
LH:3
BRF:0
BRH:0
end_of_record
TN:
SF:models/reports.js
FNF:0
FNH:0
DA:6,1
DA:20,1
DA:41,1
DA:42,1
LF:4
LH:4
BRF:0
BRH:0
end_of_record
TN:
SF:models/users.js
FNF:0
FNH:0
DA:6,1
DA:21,1
DA:46,1
LF:3
LH:3
BRF:0
BRH:0
end_of_record
TN:
SF:routes/about.js
FN:17,(anonymous_0)
FNF:1
FNH:1
FNDA:2,(anonymous_0)
DA:7,1
DA:8,1
DA:17,1
DA:19,2
DA:25,1
LF:5
LH:5
BRF:0
BRH:0
end_of_record
TN:
SF:routes/add.js
FN:24,(anonymous_0)
FNF:1
FNH:1
FNDA:14,(anonymous_0)
DA:9,1
DA:10,1
DA:11,1
DA:12,1
DA:13,1
DA:24,1
DA:25,14
DA:26,14
DA:29,14
DA:30,7
DA:31,7
DA:32,7
DA:33,0
DA:37,7
DA:45,7
DA:46,7
DA:48,7
DA:50,5
DA:51,5
DA:52,5
DA:53,5
DA:57,0
DA:60,0
DA:68,0
DA:70,0
DA:79,0
DA:82,2
DA:87,0
DA:91,1
LF:29
LH:22
BRDA:29,0,0,7
BRDA:29,0,1,7
BRDA:29,1,0,14
BRDA:29,1,1,8
BRDA:29,1,2,7
BRDA:29,1,3,7
BRDA:32,2,0,0
BRDA:32,2,1,7
BRDA:42,3,0,7
BRDA:42,3,1,2
BRDA:48,4,0,5
BRDA:48,4,1,2
BRDA:48,5,0,7
BRDA:48,5,1,6
BRDA:48,5,2,5
BRDA:48,5,3,5
BRDA:52,6,0,5
BRDA:52,6,1,0
BRDA:65,7,0,0
BRDA:65,7,1,0
BRF:20
BRH:16
end_of_record
TN:
SF:routes/logs.js
FN:18,(anonymous_0)
FNF:1
FNH:1
FNDA:2,(anonymous_0)
DA:8,1
DA:9,1
DA:10,1
DA:18,1
DA:19,2
DA:21,2
DA:22,2
DA:24,0
DA:28,1
LF:9
LH:8
BRF:0
BRH:0
end_of_record
TN:
SF:routes/report.js
FN:25,(anonymous_0)
FN:78,(anonymous_1)
FN:81,(anonymous_2)
FN:82,(anonymous_3)
FNF:4
FNH:4
FNDA:5,(anonymous_0)
FNDA:15,(anonymous_1)
FNDA:15,(anonymous_2)
FNDA:3,(anonymous_3)
DA:9,1
DA:10,1
DA:11,1
DA:12,1
DA:25,1
DA:26,5
DA:28,5
DA:31,5
DA:32,1
DA:35,4
DA:36,4
DA:37,4
DA:44,4
DA:45,4
DA:47,4
DA:48,3
DA:54,3
DA:55,1
DA:65,3
DA:66,3
DA:69,3
DA:75,3
DA:78,3
DA:79,15
DA:81,15
DA:82,3
DA:90,3
DA:98,3
DA:99,2
DA:100,2
DA:101,2
DA:103,0
DA:107,3
DA:111,0
DA:115,1
LF:35
LH:33
BRDA:31,0,0,1
BRDA:31,0,1,4
BRDA:31,1,0,5
BRDA:31,1,1,4
BRDA:31,1,2,4
BRDA:47,2,0,3
BRDA:47,2,1,1
BRDA:54,3,0,1
BRDA:54,3,1,2
BRDA:98,4,0,2
BRDA:98,4,1,1
BRF:11
BRH:11
end_of_record
TN:
SF:routes/users.js
FN:20,(anonymous_0)
FN:38,(anonymous_1)
FN:55,(anonymous_2)
FNF:3
FNH:2
FNDA:1,(anonymous_0)
FNDA:2,(anonymous_1)
FNDA:0,(anonymous_2)
DA:9,1
DA:10,1
DA:11,1
DA:12,1
DA:20,1
DA:21,1
DA:22,1
DA:24,1
DA:26,0
DA:38,1
DA:39,2
DA:41,2
DA:44,2
DA:47,2
DA:48,2
DA:52,0
DA:55,0
DA:58,0
DA:67,0
DA:71,1
LF:20
LH:15
BRDA:47,0,0,2
BRDA:47,0,1,0
BRF:2
BRH:1
end_of_record
